<?xml version="1.0" encoding="UTF-8"?>
<!-- Generated by org.testng.reporters.JUnitXMLReporter -->
<testsuite ignored="0" hostname="ubuntu" failures="1" tests="5" name="Suite2Tests" time="0.004" errors="0" timestamp="2025-01-22T22:46:54 IST">
  <testcase classname="com.example.suite2.Suite2Tests" name="passingTest3" time="0.0"/>
  <testcase classname="com.example.suite2.Suite2Tests" name="failingTest2" time="0.001">
    <failure type="java.lang.AssertionError" message="This test is designed to fail.">
      <![CDATA[java.lang.AssertionError: This test is designed to fail.
at com.example.suite2.Suite2Tests.failingTest2(Suite2Tests.java:20)
at java.base/java.util.ArrayList.forEach(ArrayList.java:1511)
... Removed 33 stack frames]]>
    </failure>
  </testcase> <!-- failingTest2 -->
  <testcase classname="com.example.suite2.Suite2Tests" name="passingTest4" time="0.0"/>
  <testcase classname="com.example.suite2.Suite2Tests" name="passingTest5" time="0.0"/>
  <testcase classname="com.example.suite2.Suite2Tests" name="dependentTest2" time="0.0"/>
</testsuite> <!-- Suite2Tests -->
